<?xml version="1.0" encoding="UTF-8"?>
<testng-results ignored="0" total="1" passed="1" failed="0" skipped="0">
  <reporter-output>
  </reporter-output>
  <suite started-at="2021-11-01T11:29:26Z" name="Default suite" finished-at="2021-11-01T11:29:58Z" duration-ms="32072">
    <groups>
    </groups>
    <test started-at="2021-11-01T11:29:26Z" name="Default test" finished-at="2021-11-01T11:29:58Z" duration-ms="32072">
      <class name="vrltravelstest.vrlhometest">
        <test-method is-config="true" signature="setup()[pri:0, instance:vrltravelstest.vrlhometest@54422e18]" started-at="2021-11-01T11:29:26Z" name="setup" finished-at="2021-11-01T11:29:28Z" duration-ms="2254" status="PASS">
          <reporter-output>
          </reporter-output>
        </test-method> <!-- setup -->
        <test-method is-config="true" signature="start()[pri:0, instance:vrltravelstest.vrlhometest@54422e18]" started-at="2021-11-01T11:29:28Z" name="start" finished-at="2021-11-01T11:29:34Z" duration-ms="5759" status="PASS">
          <reporter-output>
          </reporter-output>
        </test-method> <!-- start -->
        <test-method signature="searchh()[pri:0, instance:vrltravelstest.vrlhometest@54422e18]" started-at="2021-11-01T11:29:34Z" name="searchh" finished-at="2021-11-01T11:29:58Z" duration-ms="23997" status="PASS">
          <reporter-output>
          </reporter-output>
        </test-method> <!-- searchh -->
      </class> <!-- vrltravelstest.vrlhometest -->
    </test> <!-- Default test -->
  </suite> <!-- Default suite -->
</testng-results>
